<?xml version="1.0" encoding="UTF-8"?>
<testng-results skipped="0" failed="0" total="1" passed="1">
  <reporter-output>
  </reporter-output>
  <suite name="Default suite" duration-ms="16989" started-at="2020-08-12T02:49:38Z" finished-at="2020-08-12T02:49:55Z">
    <groups>
    </groups>
    <test name="Default test" duration-ms="16989" started-at="2020-08-12T02:49:38Z" finished-at="2020-08-12T02:49:55Z">
      <class name="com.wordpress.pages.VarifyWordPressLogin">
        <test-method status="PASS" signature="ValidateWordPresslogin()[pri:0, instance:com.wordpress.pages.VarifyWordPressLogin@71e7a66b]" name="ValidateWordPresslogin" duration-ms="16969" started-at="2020-08-12T08:19:38Z" finished-at="2020-08-12T08:19:55Z">
          <reporter-output>
          </reporter-output>
        </test-method> <!-- ValidateWordPresslogin -->
      </class> <!-- com.wordpress.pages.VarifyWordPressLogin -->
    </test> <!-- Default test -->
  </suite> <!-- Default suite -->
</testng-results>
